<?xml version="1.0" encoding="UTF-8"?>
<testsuite xmlns:xsi="http://www.w3.org/2001/XMLSchema-instance" xsi:noNamespaceSchemaLocation="https://maven.apache.org/surefire/maven-surefire-plugin/xsd/surefire-test-report.xsd" name="com.liv.LoginLogoutTest" time="1.77" tests="1" errors="0" skipped="0" failures="0">
  <properties>
    <property name="sun.desktop" value="windows"/>
    <property name="awt.toolkit" value="sun.awt.windows.WToolkit"/>
    <property name="file.encoding.pkg" value="sun.io"/>
    <property name="java.specification.version" value="1.8"/>
    <property name="sun.cpu.isalist" value="amd64"/>
    <property name="sun.jnu.encoding" value="GBK"/>
    <property name="java.class.path" value="E:\workspace\wg\LivWebBase\liv-auth\target\test-classes;E:\workspace\wg\LivWebBase\liv-auth\target\classes;F:\maven-repository\org\springframework\boot\spring-boot-starter-web\2.2.5.RELEASE\spring-boot-starter-web-2.2.5.RELEASE.jar;F:\maven-repository\org\springframework\boot\spring-boot-starter\2.2.5.RELEASE\spring-boot-starter-2.2.5.RELEASE.jar;F:\maven-repository\org\springframework\boot\spring-boot\2.2.5.RELEASE\spring-boot-2.2.5.RELEASE.jar;F:\maven-repository\org\springframework\boot\spring-boot-autoconfigure\2.2.5.RELEASE\spring-boot-autoconfigure-2.2.5.RELEASE.jar;F:\maven-repository\org\springframework\boot\spring-boot-starter-logging\2.2.5.RELEASE\spring-boot-starter-logging-2.2.5.RELEASE.jar;F:\maven-repository\ch\qos\logback\logback-classic\1.2.3\logback-classic-1.2.3.jar;F:\maven-repository\ch\qos\logback\logback-core\1.2.3\logback-core-1.2.3.jar;F:\maven-repository\org\apache\logging\log4j\log4j-to-slf4j\2.12.1\log4j-to-slf4j-2.12.1.jar;F:\maven-repository\org\apache\logging\log4j\log4j-api\2.12.1\log4j-api-2.12.1.jar;F:\maven-repository\org\slf4j\jul-to-slf4j\1.7.30\jul-to-slf4j-1.7.30.jar;F:\maven-repository\org\springframework\spring-core\5.2.4.RELEASE\spring-core-5.2.4.RELEASE.jar;F:\maven-repository\org\springframework\spring-jcl\5.2.4.RELEASE\spring-jcl-5.2.4.RELEASE.jar;F:\maven-repository\org\yaml\snakeyaml\1.25\snakeyaml-1.25.jar;F:\maven-repository\org\springframework\boot\spring-boot-starter-json\2.2.5.RELEASE\spring-boot-starter-json-2.2.5.RELEASE.jar;F:\maven-repository\com\fasterxml\jackson\datatype\jackson-datatype-jdk8\2.10.2\jackson-datatype-jdk8-2.10.2.jar;F:\maven-repository\com\fasterxml\jackson\datatype\jackson-datatype-jsr310\2.10.2\jackson-datatype-jsr310-2.10.2.jar;F:\maven-repository\com\fasterxml\jackson\module\jackson-module-parameter-names\2.10.2\jackson-module-parameter-names-2.10.2.jar;F:\maven-repository\org\springframework\boot\spring-boot-starter-validation\2.2.5.RELEASE\spring-boot-starter-validation-2.2.5.RELEASE.jar;F:\maven-repository\jakarta\validation\jakarta.validation-api\2.0.2\jakarta.validation-api-2.0.2.jar;F:\maven-repository\org\hibernate\validator\hibernate-validator\6.0.18.Final\hibernate-validator-6.0.18.Final.jar;F:\maven-repository\org\jboss\logging\jboss-logging\3.4.1.Final\jboss-logging-3.4.1.Final.jar;F:\maven-repository\com\fasterxml\classmate\1.5.1\classmate-1.5.1.jar;F:\maven-repository\org\springframework\spring-web\5.2.4.RELEASE\spring-web-5.2.4.RELEASE.jar;F:\maven-repository\org\springframework\spring-beans\5.2.4.RELEASE\spring-beans-5.2.4.RELEASE.jar;F:\maven-repository\org\springframework\spring-webmvc\5.2.4.RELEASE\spring-webmvc-5.2.4.RELEASE.jar;F:\maven-repository\org\springframework\spring-aop\5.2.4.RELEASE\spring-aop-5.2.4.RELEASE.jar;F:\maven-repository\org\springframework\spring-context\5.2.4.RELEASE\spring-context-5.2.4.RELEASE.jar;F:\maven-repository\org\springframework\spring-expression\5.2.4.RELEASE\spring-expression-5.2.4.RELEASE.jar;F:\maven-repository\org\springframework\boot\spring-boot-starter-tomcat\2.2.5.RELEASE\spring-boot-starter-tomcat-2.2.5.RELEASE.jar;F:\maven-repository\jakarta\annotation\jakarta.annotation-api\1.3.5\jakarta.annotation-api-1.3.5.jar;F:\maven-repository\org\apache\tomcat\embed\tomcat-embed-core\9.0.31\tomcat-embed-core-9.0.31.jar;F:\maven-repository\org\apache\tomcat\embed\tomcat-embed-el\9.0.31\tomcat-embed-el-9.0.31.jar;F:\maven-repository\org\apache\tomcat\embed\tomcat-embed-websocket\9.0.31\tomcat-embed-websocket-9.0.31.jar;F:\maven-repository\com\auth0\java-jwt\3.4.1\java-jwt-3.4.1.jar;F:\maven-repository\com\fasterxml\jackson\core\jackson-databind\2.10.2\jackson-databind-2.10.2.jar;F:\maven-repository\com\fasterxml\jackson\core\jackson-annotations\2.10.2\jackson-annotations-2.10.2.jar;F:\maven-repository\com\fasterxml\jackson\core\jackson-core\2.10.2\jackson-core-2.10.2.jar;F:\maven-repository\commons-codec\commons-codec\1.6\commons-codec-1.6.jar;F:\maven-repository\org\apache\shiro\shiro-all\1.5.2\shiro-all-1.5.2.jar;F:\maven-repository\org\apache\shiro\shiro-lang\1.5.2\shiro-lang-1.5.2.jar;F:\maven-repository\org\slf4j\slf4j-api\1.7.30\slf4j-api-1.7.30.jar;F:\maven-repository\org\apache\shiro\shiro-config-core\1.5.2\shiro-config-core-1.5.2.jar;F:\maven-repository\org\apache\shiro\shiro-config-ogdl\1.5.2\shiro-config-ogdl-1.5.2.jar;F:\maven-repository\commons-beanutils\commons-beanutils\1.9.4\commons-beanutils-1.9.4.jar;F:\maven-repository\commons-collections\commons-collections\3.2.2\commons-collections-3.2.2.jar;F:\maven-repository\org\apache\shiro\shiro-crypto-core\1.5.2\shiro-crypto-core-1.5.2.jar;F:\maven-repository\org\apache\shiro\shiro-crypto-hash\1.5.2\shiro-crypto-hash-1.5.2.jar;F:\maven-repository\org\apache\shiro\shiro-crypto-cipher\1.5.2\shiro-crypto-cipher-1.5.2.jar;F:\maven-repository\org\apache\shiro\shiro-event\1.5.2\shiro-event-1.5.2.jar;F:\maven-repository\org\apache\shiro\shiro-core\1.5.2\shiro-core-1.5.2.jar;F:\maven-repository\org\apache\shiro\shiro-web\1.5.2\shiro-web-1.5.2.jar;F:\maven-repository\org\owasp\encoder\encoder\1.2.2\encoder-1.2.2.jar;F:\maven-repository\org\apache\shiro\shiro-aspectj\1.5.2\shiro-aspectj-1.5.2.jar;F:\maven-repository\org\aspectj\aspectjrt\1.9.5\aspectjrt-1.9.5.jar;F:\maven-repository\org\aspectj\aspectjweaver\1.9.5\aspectjweaver-1.9.5.jar;F:\maven-repository\org\apache\shiro\shiro-cache\1.5.2\shiro-cache-1.5.2.jar;F:\maven-repository\org\apache\shiro\shiro-ehcache\1.5.2\shiro-ehcache-1.5.2.jar;F:\maven-repository\net\sf\ehcache\ehcache-core\2.6.11\ehcache-core-2.6.11.jar;F:\maven-repository\org\apache\shiro\shiro-guice\1.5.2\shiro-guice-1.5.2.jar;F:\maven-repository\com\google\inject\guice\4.2.2\guice-4.2.2.jar;F:\maven-repository\javax\inject\javax.inject\1\javax.inject-1.jar;F:\maven-repository\aopalliance\aopalliance\1.0\aopalliance-1.0.jar;F:\maven-repository\com\google\guava\guava\25.1-android\guava-25.1-android.jar;F:\maven-repository\com\google\code\findbugs\jsr305\3.0.2\jsr305-3.0.2.jar;F:\maven-repository\org\checkerframework\checker-compat-qual\2.0.0\checker-compat-qual-2.0.0.jar;F:\maven-repository\com\google\errorprone\error_prone_annotations\2.1.3\error_prone_annotations-2.1.3.jar;F:\maven-repository\com\google\j2objc\j2objc-annotations\1.1\j2objc-annotations-1.1.jar;F:\maven-repository\org\codehaus\mojo\animal-sniffer-annotations\1.14\animal-sniffer-annotations-1.14.jar;F:\maven-repository\com\google\inject\extensions\guice-multibindings\4.2.2\guice-multibindings-4.2.2.jar;F:\maven-repository\javax\annotation\javax.annotation-api\1.3.2\javax.annotation-api-1.3.2.jar;F:\maven-repository\org\apache\shiro\shiro-hazelcast\1.5.2\shiro-hazelcast-1.5.2.jar;F:\maven-repository\com\hazelcast\hazelcast\3.12.6\hazelcast-3.12.6.jar;F:\maven-repository\org\apache\shiro\shiro-quartz\1.5.2\shiro-quartz-1.5.2.jar;F:\maven-repository\org\quartz-scheduler\quartz\2.3.2\quartz-2.3.2.jar;F:\maven-repository\com\mchange\mchange-commons-java\0.2.15\mchange-commons-java-0.2.15.jar;F:\maven-repository\org\apache\shiro\shiro-spring\1.5.2\shiro-spring-1.5.2.jar;F:\maven-repository\com\liv\liv-api\1.0-SNAPSHOT\liv-api-1.0-SNAPSHOT.jar;F:\maven-repository\junit\junit\4.12\junit-4.12.jar;F:\maven-repository\org\hamcrest\hamcrest-core\2.1\hamcrest-core-2.1.jar;F:\maven-repository\org\hamcrest\hamcrest\2.1\hamcrest-2.1.jar;"/>
    <property name="java.vm.vendor" value="Oracle Corporation"/>
    <property name="sun.arch.data.model" value="64"/>
    <property name="user.variant" value=""/>
    <property name="java.vendor.url" value="http://java.oracle.com/"/>
    <property name="user.timezone" value="Asia/Shanghai"/>
    <property name="java.vm.specification.version" value="1.8"/>
    <property name="os.name" value="Windows 10"/>
    <property name="user.country" value="CN"/>
    <property name="sun.java.launcher" value="SUN_STANDARD"/>
    <property name="sun.boot.library.path" value="E:\jdk8\jre\bin"/>
    <property name="sun.java.command" value="C:\Users\w\AppData\Local\Temp\surefire7790262097517555189\surefirebooter3795802864593164305.jar C:\Users\w\AppData\Local\Temp\surefire7790262097517555189 2020-05-12T14-14-52_169-jvmRun1 surefire727621692503833293tmp surefire_05943602388133081364tmp"/>
    <property name="surefire.test.class.path" value="E:\workspace\wg\LivWebBase\liv-auth\target\test-classes;E:\workspace\wg\LivWebBase\liv-auth\target\classes;F:\maven-repository\org\springframework\boot\spring-boot-starter-web\2.2.5.RELEASE\spring-boot-starter-web-2.2.5.RELEASE.jar;F:\maven-repository\org\springframework\boot\spring-boot-starter\2.2.5.RELEASE\spring-boot-starter-2.2.5.RELEASE.jar;F:\maven-repository\org\springframework\boot\spring-boot\2.2.5.RELEASE\spring-boot-2.2.5.RELEASE.jar;F:\maven-repository\org\springframework\boot\spring-boot-autoconfigure\2.2.5.RELEASE\spring-boot-autoconfigure-2.2.5.RELEASE.jar;F:\maven-repository\org\springframework\boot\spring-boot-starter-logging\2.2.5.RELEASE\spring-boot-starter-logging-2.2.5.RELEASE.jar;F:\maven-repository\ch\qos\logback\logback-classic\1.2.3\logback-classic-1.2.3.jar;F:\maven-repository\ch\qos\logback\logback-core\1.2.3\logback-core-1.2.3.jar;F:\maven-repository\org\apache\logging\log4j\log4j-to-slf4j\2.12.1\log4j-to-slf4j-2.12.1.jar;F:\maven-repository\org\apache\logging\log4j\log4j-api\2.12.1\log4j-api-2.12.1.jar;F:\maven-repository\org\slf4j\jul-to-slf4j\1.7.30\jul-to-slf4j-1.7.30.jar;F:\maven-repository\org\springframework\spring-core\5.2.4.RELEASE\spring-core-5.2.4.RELEASE.jar;F:\maven-repository\org\springframework\spring-jcl\5.2.4.RELEASE\spring-jcl-5.2.4.RELEASE.jar;F:\maven-repository\org\yaml\snakeyaml\1.25\snakeyaml-1.25.jar;F:\maven-repository\org\springframework\boot\spring-boot-starter-json\2.2.5.RELEASE\spring-boot-starter-json-2.2.5.RELEASE.jar;F:\maven-repository\com\fasterxml\jackson\datatype\jackson-datatype-jdk8\2.10.2\jackson-datatype-jdk8-2.10.2.jar;F:\maven-repository\com\fasterxml\jackson\datatype\jackson-datatype-jsr310\2.10.2\jackson-datatype-jsr310-2.10.2.jar;F:\maven-repository\com\fasterxml\jackson\module\jackson-module-parameter-names\2.10.2\jackson-module-parameter-names-2.10.2.jar;F:\maven-repository\org\springframework\boot\spring-boot-starter-validation\2.2.5.RELEASE\spring-boot-starter-validation-2.2.5.RELEASE.jar;F:\maven-repository\jakarta\validation\jakarta.validation-api\2.0.2\jakarta.validation-api-2.0.2.jar;F:\maven-repository\org\hibernate\validator\hibernate-validator\6.0.18.Final\hibernate-validator-6.0.18.Final.jar;F:\maven-repository\org\jboss\logging\jboss-logging\3.4.1.Final\jboss-logging-3.4.1.Final.jar;F:\maven-repository\com\fasterxml\classmate\1.5.1\classmate-1.5.1.jar;F:\maven-repository\org\springframework\spring-web\5.2.4.RELEASE\spring-web-5.2.4.RELEASE.jar;F:\maven-repository\org\springframework\spring-beans\5.2.4.RELEASE\spring-beans-5.2.4.RELEASE.jar;F:\maven-repository\org\springframework\spring-webmvc\5.2.4.RELEASE\spring-webmvc-5.2.4.RELEASE.jar;F:\maven-repository\org\springframework\spring-aop\5.2.4.RELEASE\spring-aop-5.2.4.RELEASE.jar;F:\maven-repository\org\springframework\spring-context\5.2.4.RELEASE\spring-context-5.2.4.RELEASE.jar;F:\maven-repository\org\springframework\spring-expression\5.2.4.RELEASE\spring-expression-5.2.4.RELEASE.jar;F:\maven-repository\org\springframework\boot\spring-boot-starter-tomcat\2.2.5.RELEASE\spring-boot-starter-tomcat-2.2.5.RELEASE.jar;F:\maven-repository\jakarta\annotation\jakarta.annotation-api\1.3.5\jakarta.annotation-api-1.3.5.jar;F:\maven-repository\org\apache\tomcat\embed\tomcat-embed-core\9.0.31\tomcat-embed-core-9.0.31.jar;F:\maven-repository\org\apache\tomcat\embed\tomcat-embed-el\9.0.31\tomcat-embed-el-9.0.31.jar;F:\maven-repository\org\apache\tomcat\embed\tomcat-embed-websocket\9.0.31\tomcat-embed-websocket-9.0.31.jar;F:\maven-repository\com\auth0\java-jwt\3.4.1\java-jwt-3.4.1.jar;F:\maven-repository\com\fasterxml\jackson\core\jackson-databind\2.10.2\jackson-databind-2.10.2.jar;F:\maven-repository\com\fasterxml\jackson\core\jackson-annotations\2.10.2\jackson-annotations-2.10.2.jar;F:\maven-repository\com\fasterxml\jackson\core\jackson-core\2.10.2\jackson-core-2.10.2.jar;F:\maven-repository\commons-codec\commons-codec\1.6\commons-codec-1.6.jar;F:\maven-repository\org\apache\shiro\shiro-all\1.5.2\shiro-all-1.5.2.jar;F:\maven-repository\org\apache\shiro\shiro-lang\1.5.2\shiro-lang-1.5.2.jar;F:\maven-repository\org\slf4j\slf4j-api\1.7.30\slf4j-api-1.7.30.jar;F:\maven-repository\org\apache\shiro\shiro-config-core\1.5.2\shiro-config-core-1.5.2.jar;F:\maven-repository\org\apache\shiro\shiro-config-ogdl\1.5.2\shiro-config-ogdl-1.5.2.jar;F:\maven-repository\commons-beanutils\commons-beanutils\1.9.4\commons-beanutils-1.9.4.jar;F:\maven-repository\commons-collections\commons-collections\3.2.2\commons-collections-3.2.2.jar;F:\maven-repository\org\apache\shiro\shiro-crypto-core\1.5.2\shiro-crypto-core-1.5.2.jar;F:\maven-repository\org\apache\shiro\shiro-crypto-hash\1.5.2\shiro-crypto-hash-1.5.2.jar;F:\maven-repository\org\apache\shiro\shiro-crypto-cipher\1.5.2\shiro-crypto-cipher-1.5.2.jar;F:\maven-repository\org\apache\shiro\shiro-event\1.5.2\shiro-event-1.5.2.jar;F:\maven-repository\org\apache\shiro\shiro-core\1.5.2\shiro-core-1.5.2.jar;F:\maven-repository\org\apache\shiro\shiro-web\1.5.2\shiro-web-1.5.2.jar;F:\maven-repository\org\owasp\encoder\encoder\1.2.2\encoder-1.2.2.jar;F:\maven-repository\org\apache\shiro\shiro-aspectj\1.5.2\shiro-aspectj-1.5.2.jar;F:\maven-repository\org\aspectj\aspectjrt\1.9.5\aspectjrt-1.9.5.jar;F:\maven-repository\org\aspectj\aspectjweaver\1.9.5\aspectjweaver-1.9.5.jar;F:\maven-repository\org\apache\shiro\shiro-cache\1.5.2\shiro-cache-1.5.2.jar;F:\maven-repository\org\apache\shiro\shiro-ehcache\1.5.2\shiro-ehcache-1.5.2.jar;F:\maven-repository\net\sf\ehcache\ehcache-core\2.6.11\ehcache-core-2.6.11.jar;F:\maven-repository\org\apache\shiro\shiro-guice\1.5.2\shiro-guice-1.5.2.jar;F:\maven-repository\com\google\inject\guice\4.2.2\guice-4.2.2.jar;F:\maven-repository\javax\inject\javax.inject\1\javax.inject-1.jar;F:\maven-repository\aopalliance\aopalliance\1.0\aopalliance-1.0.jar;F:\maven-repository\com\google\guava\guava\25.1-android\guava-25.1-android.jar;F:\maven-repository\com\google\code\findbugs\jsr305\3.0.2\jsr305-3.0.2.jar;F:\maven-repository\org\checkerframework\checker-compat-qual\2.0.0\checker-compat-qual-2.0.0.jar;F:\maven-repository\com\google\errorprone\error_prone_annotations\2.1.3\error_prone_annotations-2.1.3.jar;F:\maven-repository\com\google\j2objc\j2objc-annotations\1.1\j2objc-annotations-1.1.jar;F:\maven-repository\org\codehaus\mojo\animal-sniffer-annotations\1.14\animal-sniffer-annotations-1.14.jar;F:\maven-repository\com\google\inject\extensions\guice-multibindings\4.2.2\guice-multibindings-4.2.2.jar;F:\maven-repository\javax\annotation\javax.annotation-api\1.3.2\javax.annotation-api-1.3.2.jar;F:\maven-repository\org\apache\shiro\shiro-hazelcast\1.5.2\shiro-hazelcast-1.5.2.jar;F:\maven-repository\com\hazelcast\hazelcast\3.12.6\hazelcast-3.12.6.jar;F:\maven-repository\org\apache\shiro\shiro-quartz\1.5.2\shiro-quartz-1.5.2.jar;F:\maven-repository\org\quartz-scheduler\quartz\2.3.2\quartz-2.3.2.jar;F:\maven-repository\com\mchange\mchange-commons-java\0.2.15\mchange-commons-java-0.2.15.jar;F:\maven-repository\org\apache\shiro\shiro-spring\1.5.2\shiro-spring-1.5.2.jar;F:\maven-repository\com\liv\liv-api\1.0-SNAPSHOT\liv-api-1.0-SNAPSHOT.jar;F:\maven-repository\junit\junit\4.12\junit-4.12.jar;F:\maven-repository\org\hamcrest\hamcrest-core\2.1\hamcrest-core-2.1.jar;F:\maven-repository\org\hamcrest\hamcrest\2.1\hamcrest-2.1.jar;"/>
    <property name="sun.cpu.endian" value="little"/>
    <property name="user.home" value="C:\Users\w"/>
    <property name="user.language" value="zh"/>
    <property name="java.specification.vendor" value="Oracle Corporation"/>
    <property name="java.home" value="E:\jdk8\jre"/>
    <property name="basedir" value="E:\workspace\wg\LivWebBase\liv-auth"/>
    <property name="file.separator" value="\"/>
    <property name="line.separator" value="&#10;"/>
    <property name="java.vm.specification.vendor" value="Oracle Corporation"/>
    <property name="java.specification.name" value="Java Platform API Specification"/>
    <property name="java.awt.graphicsenv" value="sun.awt.Win32GraphicsEnvironment"/>
    <property name="surefire.real.class.path" value="C:\Users\w\AppData\Local\Temp\surefire7790262097517555189\surefirebooter3795802864593164305.jar"/>
    <property name="sun.boot.class.path" value="E:\jdk8\jre\lib\resources.jar;E:\jdk8\jre\lib\rt.jar;E:\jdk8\jre\lib\sunrsasign.jar;E:\jdk8\jre\lib\jsse.jar;E:\jdk8\jre\lib\jce.jar;E:\jdk8\jre\lib\charsets.jar;E:\jdk8\jre\lib\jfr.jar;E:\jdk8\jre\classes"/>
    <property name="user.script" value=""/>
    <property name="sun.management.compiler" value="HotSpot 64-Bit Tiered Compilers"/>
    <property name="java.runtime.version" value="1.8.0_121-b13"/>
    <property name="user.name" value="LW"/>
    <property name="path.separator" value=";"/>
    <property name="os.version" value="10.0"/>
    <property name="java.endorsed.dirs" value="E:\jdk8\jre\lib\endorsed"/>
    <property name="java.runtime.name" value="Java(TM) SE Runtime Environment"/>
    <property name="file.encoding" value="GBK"/>
    <property name="java.vm.name" value="Java HotSpot(TM) 64-Bit Server VM"/>
    <property name="localRepository" value="F:\maven-repository"/>
    <property name="java.vendor.url.bug" value="http://bugreport.sun.com/bugreport/"/>
    <property name="java.io.tmpdir" value="C:\Users\w\AppData\Local\Temp\"/>
    <property name="java.version" value="1.8.0_121"/>
    <property name="user.dir" value="E:\workspace\wg\LivWebBase\liv-auth"/>
    <property name="os.arch" value="amd64"/>
    <property name="java.vm.specification.name" value="Java Virtual Machine Specification"/>
    <property name="java.awt.printerjob" value="sun.awt.windows.WPrinterJob"/>
    <property name="sun.os.patch.level" value=""/>
    <property name="idea.version2019.3.3" value="true"/>
    <property name="java.library.path" value="E:\jdk8\jre\bin;C:\WINDOWS\Sun\Java\bin;C:\WINDOWS\system32;C:\WINDOWS;E:\ideaIU-2019.3.3.win\bin\;C:\Program Files (x86)\Intel\iCLS Client\;C:\Program Files\Intel\iCLS Client\;C:\Windows;C:\Windows\System32\Wbem;C:\Windows\System32\WindowsPowerShell\v1.0\;C:\Program Files (x86)\NVIDIA Corporation\PhysX\Common;C:\Program Files\Intel\Intel(R) Management Engine Components\DAL;C:\Program Files (x86)\Intel\Intel(R) Management Engine Components\DAL;C:\Program Files\Intel\Intel(R) Management Engine Components\IPT;C:\Program Files (x86)\Intel\Intel(R) Management Engine Components\IPT;C:\Program Files\Intel\WiFi\bin\;C:\Program Files\Common Files\Intel\WirelessCommon\;C:\Program Files (x86)\EgisTec BioExcess\x64;C:\Program Files (x86)\EgisTec BioExcess\;C:\WINDOWS;C:\WINDOWS\System32\Wbem;C:\WINDOWS\System32\WindowsPowerShell\v1.0\;C:\WINDOWS\System32\OpenSSH\;D:\Program Files\Redis\;D:\Program Files\nodejs\;C:\WINDOWS\system32\;C:\Windows\System32;C:\Program Files\Docker\Docker\resources\bin;C:\ProgramData\DockerDesktop\version-bin;D:\MapTileDownloader\全能地图下载器-MapTileDownloader\;F:\wor;space\01map\MapTileDownloader\;C:\WINDOWS\system32;D:\Program Files\Git\cmd;E:/jdk8\bin;C:\Program Files (x86)\SSH Communications Security\SSH Secure Shell;C:\Users\w\AppData\Local\Microsoft\WindowsApps;E:\apache-maven-3.3.9\bin;E:\工作\07 供电服务平台\02 北京\04 研发相关\PLSQL\instantclient_11_2;F:\workspace\mysql-5.7.17-winx64\bin;F:\nodejs\node_global;C:\Users\w\AppData\Roaming\npm;D:\Program Files\Microsoft VS Code\bin;E:\ideaIU-2019.3.3.win\bin;;."/>
    <property name="java.vm.info" value="mixed mode"/>
    <property name="java.vendor" value="Oracle Corporation"/>
    <property name="java.vm.version" value="25.121-b13"/>
    <property name="java.ext.dirs" value="E:\jdk8\jre\lib\ext;C:\WINDOWS\Sun\Java\lib\ext"/>
    <property name="sun.io.unicode.encoding" value="UnicodeLittle"/>
    <property name="java.class.version" value="52.0"/>
  </properties>
  <testcase name="testHelloworld" classname="com.liv.LoginLogoutTest" time="1.712"/>
</testsuite>